<?xml version="1.0" encoding="UTF-8" ?>
<testsuite tests="13" failures="0" name="co.unicauca.tallerPolimorfismo.modelo.ViajeTest" time="0.021" errors="13" skipped="0">
  <properties>
    <property name="java.runtime.name" value="Java(TM) SE Runtime Environment"/>
    <property name="java.vm.version" value="19.0.1+10-21"/>
    <property name="sun.boot.library.path" value="C:\Program Files\Java\jdk-19\bin"/>
    <property name="maven.multiModuleProjectDirectory" value="C:\Users\Usuario\Desktop\laboratorioSotf2\tallerPolimorfismo"/>
    <property name="java.vm.vendor" value="Oracle Corporation"/>
    <property name="java.vendor.url" value="https://java.oracle.com/"/>
    <property name="guice.disable.misplaced.annotation.check" value="true"/>
    <property name="path.separator" value=";"/>
    <property name="java.vm.name" value="Java HotSpot(TM) 64-Bit Server VM"/>
    <property name="sun.os.patch.level" value=""/>
    <property name="user.script" value=""/>
    <property name="user.country" value="CO"/>
    <property name="sun.java.launcher" value="SUN_STANDARD"/>
    <property name="test" value="co.unicauca.tallerPolimorfismo.modelo.ViajeTest"/>
    <property name="java.vm.specification.name" value="Java Virtual Machine Specification"/>
    <property name="user.dir" value="C:\Users\Usuario\Desktop\laboratorioSotf2\tallerPolimorfismo"/>
    <property name="java.vm.compressedOopsMode" value="32-bit"/>
    <property name="java.runtime.version" value="19.0.1+10-21"/>
    <property name="os.arch" value="amd64"/>
    <property name="java.io.tmpdir" value="C:\Users\Usuario\AppData\Local\Temp\"/>
    <property name="line.separator" value="
"/>
    <property name="java.vm.specification.vendor" value="Oracle Corporation"/>
    <property name="user.variant" value=""/>
    <property name="stderr.encoding" value="Cp1252"/>
    <property name="os.name" value="Windows 11"/>
    <property name="maven.ext.class.path" value="C:\Program Files\NetBeans-14\netbeans\java\maven-nblib\netbeans-eventspy.jar"/>
    <property name="classworlds.conf" value="C:\Program Files\NetBeans-14\netbeans\java\maven\bin\m2.conf"/>
    <property name="sun.jnu.encoding" value="Cp1252"/>
    <property name="stdout.encoding" value="Cp1252"/>
    <property name="java.library.path" value="C:\Program Files\Java\jdk-19\bin;C:\Windows\Sun\Java\bin;C:\Windows\system32;C:\Windows;C:\Program Files\Common Files\Oracle\Java\javapath;C:\Program Files (x86)\Common Files\Oracle\Java\javapath;C:\Windows\system32;C:\Windows;C:\Windows\System32\Wbem;C:\Windows\System32\WindowsPowerShell\v1.0\;C:\Windows\System32\OpenSSH\;C:\Program Files (x86)\NVIDIA Corporation\PhysX\Common;C:\Program Files\NVIDIA Corporation\NVIDIA NvDLISR;C:\Users\Usuario\AppData\Local\Microsoft\WindowsApps;;C:\Users\Usuario\AppData\Local\Programs\Microsoft VS Code\bin;."/>
    <property name="maven.conf" value="C:\Program Files\NetBeans-14\netbeans\java\maven/conf"/>
    <property name="jdk.debug" value="release"/>
    <property name="java.class.version" value="63.0"/>
    <property name="java.specification.name" value="Java Platform API Specification"/>
    <property name="sun.management.compiler" value="HotSpot 64-Bit Tiered Compilers"/>
    <property name="os.version" value="10.0"/>
    <property name="library.jansi.path" value="C:\Program Files\NetBeans-14\netbeans\java\maven\lib\jansi-native"/>
    <property name="user.home" value="C:\Users\Usuario"/>
    <property name="user.timezone" value="America/Bogota"/>
    <property name="file.encoding" value="UTF-8"/>
    <property name="java.specification.version" value="19"/>
    <property name="user.name" value="Usuario"/>
    <property name="java.class.path" value="C:\Program Files\NetBeans-14\netbeans\java\maven\boot\plexus-classworlds-2.6.0.jar"/>
    <property name="java.vm.specification.version" value="19"/>
    <property name="sun.arch.data.model" value="64"/>
    <property name="sun.java.command" value="org.codehaus.plexus.classworlds.launcher.Launcher -Dtest=co.unicauca.tallerPolimorfismo.modelo.ViajeTest -Dmaven.ext.class.path=C:\Program Files\NetBeans-14\netbeans\java\maven-nblib\netbeans-eventspy.jar surefire:test"/>
    <property name="java.home" value="C:\Program Files\Java\jdk-19"/>
    <property name="user.language" value="es"/>
    <property name="java.specification.vendor" value="Oracle Corporation"/>
    <property name="java.vm.info" value="mixed mode, sharing"/>
    <property name="java.version" value="19.0.1"/>
    <property name="native.encoding" value="Cp1252"/>
    <property name="java.vendor" value="Oracle Corporation"/>
    <property name="maven.home" value="C:\Program Files\NetBeans-14\netbeans\java\maven"/>
    <property name="file.separator" value="\"/>
    <property name="java.version.date" value="2022-10-18"/>
    <property name="java.vendor.url.bug" value="https://bugreport.java.com/bugreport/"/>
    <property name="sun.io.unicode.encoding" value="UnicodeLittle"/>
    <property name="sun.cpu.endian" value="little"/>
    <property name="sun.cpu.isalist" value="amd64"/>
  </properties>
  <testcase classname="co.unicauca.tallerPolimorfismo.modelo.ViajeTest" name="testGetFechaLlegada" time="0.012">
    <error message="Cannot invoke &quot;co.unicauca.tallerPolimorfismo.modelo.Viaje.getFechaLlegada()&quot; because &quot;instance&quot; is null" type="java.lang.NullPointerException">java.lang.NullPointerException: Cannot invoke &quot;co.unicauca.tallerPolimorfismo.modelo.Viaje.getFechaLlegada()&quot; because &quot;instance&quot; is null
	at co.unicauca.tallerPolimorfismo.modelo.ViajeTest.testGetFechaLlegada(ViajeTest.java:137)
</error>
    <system-out>getFechaLlegada
</system-out>
  </testcase>
  <testcase classname="co.unicauca.tallerPolimorfismo.modelo.ViajeTest" name="testGetOrigen" time="0">
    <error message="Cannot invoke &quot;co.unicauca.tallerPolimorfismo.modelo.Viaje.getOrigen()&quot; because &quot;instance&quot; is null" type="java.lang.NullPointerException">java.lang.NullPointerException: Cannot invoke &quot;co.unicauca.tallerPolimorfismo.modelo.Viaje.getOrigen()&quot; because &quot;instance&quot; is null
	at co.unicauca.tallerPolimorfismo.modelo.ViajeTest.testGetOrigen(ViajeTest.java:37)
</error>
    <system-out>getOrigen
</system-out>
  </testcase>
  <testcase classname="co.unicauca.tallerPolimorfismo.modelo.ViajeTest" name="testGetFechaSalida" time="0">
    <error message="Cannot invoke &quot;co.unicauca.tallerPolimorfismo.modelo.Viaje.getFechaSalida()&quot; because &quot;instance&quot; is null" type="java.lang.NullPointerException">java.lang.NullPointerException: Cannot invoke &quot;co.unicauca.tallerPolimorfismo.modelo.Viaje.getFechaSalida()&quot; because &quot;instance&quot; is null
	at co.unicauca.tallerPolimorfismo.modelo.ViajeTest.testGetFechaSalida(ViajeTest.java:112)
</error>
    <system-out>getFechaSalida
</system-out>
  </testcase>
  <testcase classname="co.unicauca.tallerPolimorfismo.modelo.ViajeTest" name="testSetFechaSalida" time="0">
    <error message="Cannot invoke &quot;co.unicauca.tallerPolimorfismo.modelo.Viaje.setFechaSalida(java.util.Date)&quot; because &quot;instance&quot; is null" type="java.lang.NullPointerException">java.lang.NullPointerException: Cannot invoke &quot;co.unicauca.tallerPolimorfismo.modelo.Viaje.setFechaSalida(java.util.Date)&quot; because &quot;instance&quot; is null
	at co.unicauca.tallerPolimorfismo.modelo.ViajeTest.testSetFechaSalida(ViajeTest.java:125)
</error>
    <system-out>setFechaSalida
</system-out>
  </testcase>
  <testcase classname="co.unicauca.tallerPolimorfismo.modelo.ViajeTest" name="testGetDestino" time="0.001">
    <error message="Cannot invoke &quot;co.unicauca.tallerPolimorfismo.modelo.Viaje.getDestino()&quot; because &quot;instance&quot; is null" type="java.lang.NullPointerException">java.lang.NullPointerException: Cannot invoke &quot;co.unicauca.tallerPolimorfismo.modelo.Viaje.getDestino()&quot; because &quot;instance&quot; is null
	at co.unicauca.tallerPolimorfismo.modelo.ViajeTest.testGetDestino(ViajeTest.java:62)
</error>
    <system-out>getDestino
</system-out>
  </testcase>
  <testcase classname="co.unicauca.tallerPolimorfismo.modelo.ViajeTest" name="testDescripcion" time="0.001">
    <error message="Cannot invoke &quot;co.unicauca.tallerPolimorfismo.modelo.Viaje.descripcion()&quot; because &quot;instance&quot; is null" type="java.lang.NullPointerException">java.lang.NullPointerException: Cannot invoke &quot;co.unicauca.tallerPolimorfismo.modelo.Viaje.descripcion()&quot; because &quot;instance&quot; is null
	at co.unicauca.tallerPolimorfismo.modelo.ViajeTest.testDescripcion(ViajeTest.java:162)
</error>
    <system-out>descripcion
</system-out>
  </testcase>
  <testcase classname="co.unicauca.tallerPolimorfismo.modelo.ViajeTest" name="testGetCosto" time="0.001">
    <error message="Cannot invoke &quot;co.unicauca.tallerPolimorfismo.modelo.Viaje.getCosto()&quot; because &quot;instance&quot; is null" type="java.lang.NullPointerException">java.lang.NullPointerException: Cannot invoke &quot;co.unicauca.tallerPolimorfismo.modelo.Viaje.getCosto()&quot; because &quot;instance&quot; is null
	at co.unicauca.tallerPolimorfismo.modelo.ViajeTest.testGetCosto(ViajeTest.java:87)
</error>
    <system-out>getCosto
</system-out>
  </testcase>
  <testcase classname="co.unicauca.tallerPolimorfismo.modelo.ViajeTest" name="testSetDestino" time="0.001">
    <error message="Cannot invoke &quot;co.unicauca.tallerPolimorfismo.modelo.Viaje.setDestino(String)&quot; because &quot;instance&quot; is null" type="java.lang.NullPointerException">java.lang.NullPointerException: Cannot invoke &quot;co.unicauca.tallerPolimorfismo.modelo.Viaje.setDestino(String)&quot; because &quot;instance&quot; is null
	at co.unicauca.tallerPolimorfismo.modelo.ViajeTest.testSetDestino(ViajeTest.java:75)
</error>
    <system-out>setDestino
</system-out>
  </testcase>
  <testcase classname="co.unicauca.tallerPolimorfismo.modelo.ViajeTest" name="testSetCosto" time="0.001">
    <error message="Cannot invoke &quot;co.unicauca.tallerPolimorfismo.modelo.Viaje.setCosto(int)&quot; because &quot;instance&quot; is null" type="java.lang.NullPointerException">java.lang.NullPointerException: Cannot invoke &quot;co.unicauca.tallerPolimorfismo.modelo.Viaje.setCosto(int)&quot; because &quot;instance&quot; is null
	at co.unicauca.tallerPolimorfismo.modelo.ViajeTest.testSetCosto(ViajeTest.java:100)
</error>
    <system-out>setCosto
</system-out>
  </testcase>
  <testcase classname="co.unicauca.tallerPolimorfismo.modelo.ViajeTest" name="testSetOrigen" time="0.001">
    <error message="Cannot invoke &quot;co.unicauca.tallerPolimorfismo.modelo.Viaje.setOrigen(String)&quot; because &quot;instance&quot; is null" type="java.lang.NullPointerException">java.lang.NullPointerException: Cannot invoke &quot;co.unicauca.tallerPolimorfismo.modelo.Viaje.setOrigen(String)&quot; because &quot;instance&quot; is null
	at co.unicauca.tallerPolimorfismo.modelo.ViajeTest.testSetOrigen(ViajeTest.java:50)
</error>
    <system-out>setOrigen
</system-out>
  </testcase>
  <testcase classname="co.unicauca.tallerPolimorfismo.modelo.ViajeTest" name="testCualquierMetodo" time="0.001">
    <error message="Cannot invoke &quot;co.unicauca.tallerPolimorfismo.modelo.Viaje.cualquierMetodo()&quot; because &quot;instance&quot; is null" type="java.lang.NullPointerException">java.lang.NullPointerException: Cannot invoke &quot;co.unicauca.tallerPolimorfismo.modelo.Viaje.cualquierMetodo()&quot; because &quot;instance&quot; is null
	at co.unicauca.tallerPolimorfismo.modelo.ViajeTest.testCualquierMetodo(ViajeTest.java:175)
</error>
    <system-out>cualquierMetodo
</system-out>
  </testcase>
  <testcase classname="co.unicauca.tallerPolimorfismo.modelo.ViajeTest" name="testSetFechaLlegada" time="0.001">
    <error message="Cannot invoke &quot;co.unicauca.tallerPolimorfismo.modelo.Viaje.setFechaLlegada(java.util.Date)&quot; because &quot;instance&quot; is null" type="java.lang.NullPointerException">java.lang.NullPointerException: Cannot invoke &quot;co.unicauca.tallerPolimorfismo.modelo.Viaje.setFechaLlegada(java.util.Date)&quot; because &quot;instance&quot; is null
	at co.unicauca.tallerPolimorfismo.modelo.ViajeTest.testSetFechaLlegada(ViajeTest.java:150)
</error>
    <system-out>setFechaLlegada
</system-out>
  </testcase>
  <testcase classname="co.unicauca.tallerPolimorfismo.modelo.ViajeTest" name="testCualquierMetodo2" time="0.001">
    <error message="Cannot invoke &quot;co.unicauca.tallerPolimorfismo.modelo.Viaje.cualquierMetodo2()&quot; because &quot;instance&quot; is null" type="java.lang.NullPointerException">java.lang.NullPointerException: Cannot invoke &quot;co.unicauca.tallerPolimorfismo.modelo.Viaje.cualquierMetodo2()&quot; because &quot;instance&quot; is null
	at co.unicauca.tallerPolimorfismo.modelo.ViajeTest.testCualquierMetodo2(ViajeTest.java:188)
</error>
    <system-out>cualquierMetodo2
</system-out>
  </testcase>
</testsuite>